{"/home/akynatan/Documentos/Rocketseat/GoStack/Nivel_3/conceicaosaude/src/components/Button/index.tsx": {"path":"/home/akynatan/Documentos/Rocketseat/GoStack/Nivel_3/conceicaosaude/src/components/Button/index.tsx","statementMap":{"0":{"start":{"line":11,"column":38},"end":{"line":19,"column":1}},"1":{"start":{"line":16,"column":2},"end":{"line":18,"column":14}}},"fnMap":{"0":{"name":"(anonymous_0)","decl":{"start":{"line":11,"column":38},"end":{"line":11,"column":39}},"loc":{"start":{"line":16,"column":2},"end":{"line":18,"column":14}},"line":16}},"branchMap":{"0":{"loc":{"start":{"line":13,"column":2},"end":{"line":13,"column":21}},"type":"default-arg","locations":[{"start":{"line":13,"column":19},"end":{"line":13,"column":21}}],"line":13}},"s":{"0":1,"1":1},"f":{"0":1},"b":{"0":[1]},"_coverageSchema":"1a1c01bbd47fc00a2c39e90264f33305004495a9","hash":"42c95f6531f36cdc036bc0b64ac24e6dea51d1a0"}
,"/home/akynatan/Documentos/Rocketseat/GoStack/Nivel_3/conceicaosaude/src/components/Input/index.tsx": {"path":"/home/akynatan/Documentos/Rocketseat/GoStack/Nivel_3/conceicaosaude/src/components/Input/index.tsx","statementMap":{"0":{"start":{"line":28,"column":68},"end":{"line":90,"column":1}},"1":{"start":{"line":32,"column":36},"end":{"line":32,"column":51}},"2":{"start":{"line":33,"column":34},"end":{"line":33,"column":49}},"3":{"start":{"line":34,"column":26},"end":{"line":34,"column":43}},"4":{"start":{"line":35,"column":65},"end":{"line":35,"column":79}},"5":{"start":{"line":36,"column":24},"end":{"line":36,"column":76}},"6":{"start":{"line":38,"column":27},"end":{"line":40,"column":8}},"7":{"start":{"line":39,"column":4},"end":{"line":39,"column":23}},"8":{"start":{"line":42,"column":26},"end":{"line":45,"column":8}},"9":{"start":{"line":43,"column":4},"end":{"line":43,"column":24}},"10":{"start":{"line":44,"column":4},"end":{"line":44,"column":47}},"11":{"start":{"line":47,"column":2},"end":{"line":51,"column":6}},"12":{"start":{"line":47,"column":34},"end":{"line":51,"column":3}},"13":{"start":{"line":49,"column":6},"end":{"line":49,"column":38}},"14":{"start":{"line":53,"column":2},"end":{"line":67,"column":33}},"15":{"start":{"line":54,"column":4},"end":{"line":66,"column":7}},"16":{"start":{"line":59,"column":8},"end":{"line":59,"column":44}},"17":{"start":{"line":60,"column":8},"end":{"line":60,"column":64}},"18":{"start":{"line":63,"column":8},"end":{"line":63,"column":41}},"19":{"start":{"line":64,"column":8},"end":{"line":64,"column":40}},"20":{"start":{"line":69,"column":2},"end":{"line":89,"column":4}},"21":{"start":{"line":84,"column":10},"end":{"line":84,"column":46}}},"fnMap":{"0":{"name":"(anonymous_0)","decl":{"start":{"line":28,"column":68},"end":{"line":28,"column":69}},"loc":{"start":{"line":31,"column":5},"end":{"line":90,"column":1}},"line":31},"1":{"name":"(anonymous_1)","decl":{"start":{"line":38,"column":39},"end":{"line":38,"column":40}},"loc":{"start":{"line":38,"column":45},"end":{"line":40,"column":3}},"line":38},"2":{"name":"(anonymous_2)","decl":{"start":{"line":42,"column":38},"end":{"line":42,"column":39}},"loc":{"start":{"line":42,"column":44},"end":{"line":45,"column":3}},"line":42},"3":{"name":"(anonymous_3)","decl":{"start":{"line":47,"column":27},"end":{"line":47,"column":28}},"loc":{"start":{"line":47,"column":34},"end":{"line":51,"column":3}},"line":47},"4":{"name":"(anonymous_4)","decl":{"start":{"line":48,"column":4},"end":{"line":48,"column":5}},"loc":{"start":{"line":48,"column":12},"end":{"line":50,"column":5}},"line":48},"5":{"name":"(anonymous_5)","decl":{"start":{"line":53,"column":12},"end":{"line":53,"column":13}},"loc":{"start":{"line":53,"column":18},"end":{"line":67,"column":3}},"line":53},"6":{"name":"(anonymous_6)","decl":{"start":{"line":58,"column":6},"end":{"line":58,"column":7}},"loc":{"start":{"line":58,"column":41},"end":{"line":61,"column":7}},"line":58},"7":{"name":"(anonymous_7)","decl":{"start":{"line":62,"column":6},"end":{"line":62,"column":7}},"loc":{"start":{"line":62,"column":19},"end":{"line":65,"column":7}},"line":62},"8":{"name":"(anonymous_8)","decl":{"start":{"line":83,"column":22},"end":{"line":83,"column":23}},"loc":{"start":{"line":83,"column":31},"end":{"line":85,"column":9}},"line":83}},"branchMap":{"0":{"loc":{"start":{"line":29,"column":16},"end":{"line":29,"column":35}},"type":"default-arg","locations":[{"start":{"line":29,"column":33},"end":{"line":29,"column":35}}],"line":29},"1":{"loc":{"start":{"line":35,"column":25},"end":{"line":35,"column":42}},"type":"default-arg","locations":[{"start":{"line":35,"column":40},"end":{"line":35,"column":42}}],"line":35},"2":{"loc":{"start":{"line":74,"column":15},"end":{"line":74,"column":60}},"type":"cond-expr","locations":[{"start":{"line":74,"column":39},"end":{"line":74,"column":48}},{"start":{"line":74,"column":51},"end":{"line":74,"column":60}}],"line":74},"3":{"loc":{"start":{"line":74,"column":15},"end":{"line":74,"column":36}},"type":"binary-expr","locations":[{"start":{"line":74,"column":15},"end":{"line":74,"column":24}},{"start":{"line":74,"column":28},"end":{"line":74,"column":36}}],"line":74}},"s":{"0":1,"1":2,"2":2,"3":2,"4":2,"5":2,"6":2,"7":0,"8":2,"9":0,"10":0,"11":2,"12":1,"13":0,"14":2,"15":2,"16":0,"17":0,"18":0,"19":0,"20":2,"21":0},"f":{"0":2,"1":0,"2":0,"3":1,"4":0,"5":2,"6":0,"7":0,"8":0},"b":{"0":[2],"1":[2],"2":[0,2],"3":[2,2]},"_coverageSchema":"1a1c01bbd47fc00a2c39e90264f33305004495a9","hash":"d0650bfe79f820f684e188f23455a102b77bd055"}
,"/home/akynatan/Documentos/Rocketseat/GoStack/Nivel_3/conceicaosaude/src/hooks/auth.tsx": {"path":"/home/akynatan/Documentos/Rocketseat/GoStack/Nivel_3/conceicaosaude/src/hooks/auth.tsx","statementMap":{"0":{"start":{"line":36,"column":20},"end":{"line":36,"column":73}},"1":{"start":{"line":38,"column":31},"end":{"line":101,"column":1}},"2":{"start":{"line":39,"column":26},"end":{"line":39,"column":62}},"3":{"start":{"line":40,"column":32},"end":{"line":40,"column":46}},"4":{"start":{"line":42,"column":2},"end":{"line":56,"column":9}},"5":{"start":{"line":44,"column":28},"end":{"line":47,"column":8}},"6":{"start":{"line":48,"column":6},"end":{"line":51,"column":7}},"7":{"start":{"line":49,"column":8},"end":{"line":49,"column":66}},"8":{"start":{"line":50,"column":8},"end":{"line":50,"column":64}},"9":{"start":{"line":52,"column":6},"end":{"line":52,"column":24}},"10":{"start":{"line":55,"column":4},"end":{"line":55,"column":22}},"11":{"start":{"line":58,"column":17},"end":{"line":74,"column":8}},"12":{"start":{"line":59,"column":21},"end":{"line":62,"column":6}},"13":{"start":{"line":64,"column":28},"end":{"line":64,"column":41}},"14":{"start":{"line":66,"column":4},"end":{"line":66,"column":59}},"15":{"start":{"line":68,"column":4},"end":{"line":71,"column":7}},"16":{"start":{"line":73,"column":4},"end":{"line":73,"column":29}},"17":{"start":{"line":76,"column":18},"end":{"line":80,"column":8}},"18":{"start":{"line":77,"column":4},"end":{"line":77,"column":74}},"19":{"start":{"line":79,"column":4},"end":{"line":79,"column":29}},"20":{"start":{"line":82,"column":21},"end":{"line":92,"column":3}},"21":{"start":{"line":84,"column":6},"end":{"line":87,"column":9}},"22":{"start":{"line":89,"column":6},"end":{"line":89,"column":67}},"23":{"start":{"line":94,"column":2},"end":{"line":100,"column":4}},"24":{"start":{"line":104,"column":18},"end":{"line":104,"column":41}},"25":{"start":{"line":106,"column":2},"end":{"line":108,"column":3}},"26":{"start":{"line":107,"column":4},"end":{"line":107,"column":67}},"27":{"start":{"line":110,"column":2},"end":{"line":110,"column":17}}},"fnMap":{"0":{"name":"(anonymous_0)","decl":{"start":{"line":38,"column":31},"end":{"line":38,"column":32}},"loc":{"start":{"line":38,"column":49},"end":{"line":101,"column":1}},"line":38},"1":{"name":"(anonymous_1)","decl":{"start":{"line":42,"column":12},"end":{"line":42,"column":13}},"loc":{"start":{"line":42,"column":18},"end":{"line":56,"column":3}},"line":42},"2":{"name":"loadStorageData","decl":{"start":{"line":43,"column":19},"end":{"line":43,"column":34}},"loc":{"start":{"line":43,"column":52},"end":{"line":53,"column":5}},"line":43},"3":{"name":"(anonymous_3)","decl":{"start":{"line":58,"column":29},"end":{"line":58,"column":30}},"loc":{"start":{"line":58,"column":60},"end":{"line":74,"column":3}},"line":58},"4":{"name":"(anonymous_4)","decl":{"start":{"line":76,"column":30},"end":{"line":76,"column":31}},"loc":{"start":{"line":76,"column":42},"end":{"line":80,"column":3}},"line":76},"5":{"name":"(anonymous_5)","decl":{"start":{"line":83,"column":4},"end":{"line":83,"column":5}},"loc":{"start":{"line":83,"column":20},"end":{"line":90,"column":5}},"line":83},"6":{"name":"useAuth","decl":{"start":{"line":103,"column":9},"end":{"line":103,"column":16}},"loc":{"start":{"line":103,"column":36},"end":{"line":111,"column":1}},"line":103}},"branchMap":{"0":{"loc":{"start":{"line":48,"column":6},"end":{"line":51,"column":7}},"type":"if","locations":[{"start":{"line":48,"column":6},"end":{"line":51,"column":7}},{"start":{"line":48,"column":6},"end":{"line":51,"column":7}}],"line":48},"1":{"loc":{"start":{"line":48,"column":10},"end":{"line":48,"column":29}},"type":"binary-expr","locations":[{"start":{"line":48,"column":10},"end":{"line":48,"column":17}},{"start":{"line":48,"column":21},"end":{"line":48,"column":29}}],"line":48},"2":{"loc":{"start":{"line":106,"column":2},"end":{"line":108,"column":3}},"type":"if","locations":[{"start":{"line":106,"column":2},"end":{"line":108,"column":3}},{"start":{"line":106,"column":2},"end":{"line":108,"column":3}}],"line":106}},"s":{"0":1,"1":1,"2":0,"3":0,"4":0,"5":0,"6":0,"7":0,"8":0,"9":0,"10":0,"11":0,"12":0,"13":0,"14":0,"15":0,"16":0,"17":0,"18":0,"19":0,"20":0,"21":0,"22":0,"23":0,"24":1,"25":1,"26":0,"27":1},"f":{"0":0,"1":0,"2":0,"3":0,"4":0,"5":0,"6":1},"b":{"0":[0,0],"1":[0,0],"2":[0,1]},"_coverageSchema":"1a1c01bbd47fc00a2c39e90264f33305004495a9","hash":"9497290f436f3d62085625b3448db40ff46fe369"}
,"/home/akynatan/Documentos/Rocketseat/GoStack/Nivel_3/conceicaosaude/src/pages/AppointmentCreated/index.tsx": {"path":"/home/akynatan/Documentos/Rocketseat/GoStack/Nivel_3/conceicaosaude/src/pages/AppointmentCreated/index.tsx","statementMap":{"0":{"start":{"line":20,"column":37},"end":{"line":55,"column":1}},"1":{"start":{"line":21,"column":20},"end":{"line":21,"column":35}},"2":{"start":{"line":22,"column":21},"end":{"line":22,"column":31}},"3":{"start":{"line":24,"column":22},"end":{"line":24,"column":43}},"4":{"start":{"line":26,"column":24},"end":{"line":34,"column":24}},"5":{"start":{"line":27,"column":4},"end":{"line":33,"column":6}},"6":{"start":{"line":36,"column":24},"end":{"line":41,"column":13}},"7":{"start":{"line":37,"column":4},"end":{"line":40,"column":7}},"8":{"start":{"line":43,"column":2},"end":{"line":54,"column":4}}},"fnMap":{"0":{"name":"(anonymous_0)","decl":{"start":{"line":20,"column":37},"end":{"line":20,"column":38}},"loc":{"start":{"line":20,"column":43},"end":{"line":55,"column":1}},"line":20},"1":{"name":"(anonymous_1)","decl":{"start":{"line":26,"column":32},"end":{"line":26,"column":33}},"loc":{"start":{"line":26,"column":38},"end":{"line":34,"column":3}},"line":26},"2":{"name":"(anonymous_2)","decl":{"start":{"line":36,"column":36},"end":{"line":36,"column":37}},"loc":{"start":{"line":36,"column":42},"end":{"line":41,"column":3}},"line":36}},"branchMap":{},"s":{"0":0,"1":0,"2":0,"3":0,"4":0,"5":0,"6":0,"7":0,"8":0},"f":{"0":0,"1":0,"2":0},"b":{}}
,"/home/akynatan/Documentos/Rocketseat/GoStack/Nivel_3/conceicaosaude/src/pages/CreateAppointment/index.tsx": {"path":"/home/akynatan/Documentos/Rocketseat/GoStack/Nivel_3/conceicaosaude/src/pages/CreateAppointment/index.tsx","statementMap":{"0":{"start":{"line":54,"column":36},"end":{"line":286,"column":1}},"1":{"start":{"line":55,"column":19},"end":{"line":55,"column":28}},"2":{"start":{"line":56,"column":25},"end":{"line":56,"column":29}},"3":{"start":{"line":58,"column":31},"end":{"line":58,"column":46}},"4":{"start":{"line":60,"column":16},"end":{"line":60,"column":26}},"5":{"start":{"line":61,"column":25},"end":{"line":61,"column":52}},"6":{"start":{"line":63,"column":36},"end":{"line":63,"column":60}},"7":{"start":{"line":64,"column":50},"end":{"line":64,"column":70}},"8":{"start":{"line":65,"column":46},"end":{"line":65,"column":61}},"9":{"start":{"line":66,"column":42},"end":{"line":66,"column":62}},"10":{"start":{"line":67,"column":42},"end":{"line":67,"column":53}},"11":{"start":{"line":68,"column":62},"end":{"line":70,"column":7}},"12":{"start":{"line":72,"column":25},"end":{"line":74,"column":14}},"13":{"start":{"line":73,"column":4},"end":{"line":73,"column":13}},"14":{"start":{"line":76,"column":31},"end":{"line":78,"column":8}},"15":{"start":{"line":77,"column":4},"end":{"line":77,"column":44}},"16":{"start":{"line":80,"column":32},"end":{"line":82,"column":8}},"17":{"start":{"line":81,"column":4},"end":{"line":81,"column":39}},"18":{"start":{"line":81,"column":31},"end":{"line":81,"column":37}},"19":{"start":{"line":84,"column":27},"end":{"line":95,"column":3}},"20":{"start":{"line":86,"column":6},"end":{"line":88,"column":7}},"21":{"start":{"line":87,"column":8},"end":{"line":87,"column":32}},"22":{"start":{"line":90,"column":6},"end":{"line":92,"column":7}},"23":{"start":{"line":91,"column":8},"end":{"line":91,"column":30}},"24":{"start":{"line":97,"column":27},"end":{"line":99,"column":8}},"25":{"start":{"line":98,"column":4},"end":{"line":98,"column":26}},"26":{"start":{"line":101,"column":34},"end":{"line":116,"column":44}},"27":{"start":{"line":102,"column":4},"end":{"line":115,"column":5}},"28":{"start":{"line":103,"column":19},"end":{"line":103,"column":41}},"29":{"start":{"line":104,"column":6},"end":{"line":104,"column":34}},"30":{"start":{"line":105,"column":6},"end":{"line":105,"column":25}},"31":{"start":{"line":107,"column":6},"end":{"line":107,"column":78}},"32":{"start":{"line":109,"column":6},"end":{"line":109,"column":63}},"33":{"start":{"line":111,"column":6},"end":{"line":114,"column":8}},"34":{"start":{"line":118,"column":30},"end":{"line":128,"column":30}},"35":{"start":{"line":119,"column":4},"end":{"line":127,"column":9}},"36":{"start":{"line":120,"column":34},"end":{"line":120,"column":60}},"37":{"start":{"line":122,"column":8},"end":{"line":126,"column":10}},"38":{"start":{"line":130,"column":32},"end":{"line":140,"column":30}},"39":{"start":{"line":131,"column":4},"end":{"line":139,"column":9}},"40":{"start":{"line":132,"column":34},"end":{"line":132,"column":61}},"41":{"start":{"line":134,"column":8},"end":{"line":138,"column":10}},"42":{"start":{"line":142,"column":2},"end":{"line":146,"column":9}},"43":{"start":{"line":143,"column":4},"end":{"line":145,"column":7}},"44":{"start":{"line":144,"column":6},"end":{"line":144,"column":34}},"45":{"start":{"line":148,"column":2},"end":{"line":160,"column":39}},"46":{"start":{"line":149,"column":4},"end":{"line":159,"column":9}},"47":{"start":{"line":158,"column":8},"end":{"line":158,"column":49}},"48":{"start":{"line":162,"column":2},"end":{"line":285,"column":4}},"49":{"start":{"line":186,"column":38},"end":{"line":186,"column":49}},"50":{"start":{"line":188,"column":14},"end":{"line":208,"column":16}},"51":{"start":{"line":191,"column":20},"end":{"line":191,"column":54}},"52":{"start":{"line":238,"column":16},"end":{"line":250,"column":23}},"53":{"start":{"line":244,"column":20},"end":{"line":244,"column":43}},"54":{"start":{"line":261,"column":18},"end":{"line":273,"column":25}},"55":{"start":{"line":267,"column":22},"end":{"line":267,"column":45}}},"fnMap":{"0":{"name":"(anonymous_0)","decl":{"start":{"line":54,"column":36},"end":{"line":54,"column":37}},"loc":{"start":{"line":54,"column":42},"end":{"line":286,"column":1}},"line":54},"1":{"name":"(anonymous_1)","decl":{"start":{"line":72,"column":37},"end":{"line":72,"column":38}},"loc":{"start":{"line":72,"column":43},"end":{"line":74,"column":3}},"line":72},"2":{"name":"(anonymous_2)","decl":{"start":{"line":76,"column":43},"end":{"line":76,"column":44}},"loc":{"start":{"line":76,"column":75},"end":{"line":78,"column":3}},"line":76},"3":{"name":"(anonymous_3)","decl":{"start":{"line":80,"column":44},"end":{"line":80,"column":45}},"loc":{"start":{"line":80,"column":50},"end":{"line":82,"column":3}},"line":80},"4":{"name":"(anonymous_4)","decl":{"start":{"line":81,"column":22},"end":{"line":81,"column":23}},"loc":{"start":{"line":81,"column":31},"end":{"line":81,"column":37}},"line":81},"5":{"name":"(anonymous_5)","decl":{"start":{"line":85,"column":4},"end":{"line":85,"column":5}},"loc":{"start":{"line":85,"column":44},"end":{"line":93,"column":5}},"line":85},"6":{"name":"(anonymous_6)","decl":{"start":{"line":97,"column":39},"end":{"line":97,"column":40}},"loc":{"start":{"line":97,"column":57},"end":{"line":99,"column":3}},"line":97},"7":{"name":"(anonymous_7)","decl":{"start":{"line":101,"column":46},"end":{"line":101,"column":47}},"loc":{"start":{"line":101,"column":58},"end":{"line":116,"column":3}},"line":101},"8":{"name":"(anonymous_8)","decl":{"start":{"line":118,"column":38},"end":{"line":118,"column":39}},"loc":{"start":{"line":118,"column":44},"end":{"line":128,"column":3}},"line":118},"9":{"name":"(anonymous_9)","decl":{"start":{"line":120,"column":14},"end":{"line":120,"column":15}},"loc":{"start":{"line":120,"column":34},"end":{"line":120,"column":60}},"line":120},"10":{"name":"(anonymous_10)","decl":{"start":{"line":121,"column":11},"end":{"line":121,"column":12}},"loc":{"start":{"line":121,"column":36},"end":{"line":127,"column":7}},"line":121},"11":{"name":"(anonymous_11)","decl":{"start":{"line":130,"column":40},"end":{"line":130,"column":41}},"loc":{"start":{"line":130,"column":46},"end":{"line":140,"column":3}},"line":130},"12":{"name":"(anonymous_12)","decl":{"start":{"line":132,"column":14},"end":{"line":132,"column":15}},"loc":{"start":{"line":132,"column":34},"end":{"line":132,"column":61}},"line":132},"13":{"name":"(anonymous_13)","decl":{"start":{"line":133,"column":11},"end":{"line":133,"column":12}},"loc":{"start":{"line":133,"column":36},"end":{"line":139,"column":7}},"line":133},"14":{"name":"(anonymous_14)","decl":{"start":{"line":142,"column":12},"end":{"line":142,"column":13}},"loc":{"start":{"line":142,"column":18},"end":{"line":146,"column":3}},"line":142},"15":{"name":"(anonymous_15)","decl":{"start":{"line":143,"column":30},"end":{"line":143,"column":31}},"loc":{"start":{"line":143,"column":42},"end":{"line":145,"column":5}},"line":143},"16":{"name":"(anonymous_16)","decl":{"start":{"line":148,"column":12},"end":{"line":148,"column":13}},"loc":{"start":{"line":148,"column":18},"end":{"line":160,"column":3}},"line":148},"17":{"name":"(anonymous_17)","decl":{"start":{"line":157,"column":12},"end":{"line":157,"column":13}},"loc":{"start":{"line":157,"column":24},"end":{"line":159,"column":7}},"line":157},"18":{"name":"(anonymous_18)","decl":{"start":{"line":186,"column":26},"end":{"line":186,"column":27}},"loc":{"start":{"line":186,"column":38},"end":{"line":186,"column":49}},"line":186},"19":{"name":"(anonymous_19)","decl":{"start":{"line":187,"column":24},"end":{"line":187,"column":25}},"loc":{"start":{"line":187,"column":48},"end":{"line":209,"column":13}},"line":187},"20":{"name":"(anonymous_20)","decl":{"start":{"line":190,"column":27},"end":{"line":190,"column":28}},"loc":{"start":{"line":190,"column":33},"end":{"line":192,"column":19}},"line":190},"21":{"name":"(anonymous_21)","decl":{"start":{"line":237,"column":39},"end":{"line":237,"column":40}},"loc":{"start":{"line":238,"column":16},"end":{"line":250,"column":23}},"line":238},"22":{"name":"(anonymous_22)","decl":{"start":{"line":243,"column":27},"end":{"line":243,"column":28}},"loc":{"start":{"line":243,"column":33},"end":{"line":245,"column":19}},"line":243},"23":{"name":"(anonymous_23)","decl":{"start":{"line":260,"column":16},"end":{"line":260,"column":17}},"loc":{"start":{"line":261,"column":18},"end":{"line":273,"column":25}},"line":261},"24":{"name":"(anonymous_24)","decl":{"start":{"line":266,"column":29},"end":{"line":266,"column":30}},"loc":{"start":{"line":266,"column":35},"end":{"line":268,"column":21}},"line":266}},"branchMap":{"0":{"loc":{"start":{"line":86,"column":6},"end":{"line":88,"column":7}},"type":"if","locations":[{"start":{"line":86,"column":6},"end":{"line":88,"column":7}},{"start":{"line":86,"column":6},"end":{"line":88,"column":7}}],"line":86},"1":{"loc":{"start":{"line":90,"column":6},"end":{"line":92,"column":7}},"type":"if","locations":[{"start":{"line":90,"column":6},"end":{"line":92,"column":7}},{"start":{"line":90,"column":6},"end":{"line":92,"column":7}}],"line":90},"2":{"loc":{"start":{"line":172,"column":12},"end":{"line":176,"column":23}},"type":"cond-expr","locations":[{"start":{"line":173,"column":16},"end":{"line":175,"column":17}},{"start":{"line":176,"column":16},"end":{"line":176,"column":23}}],"line":172},"3":{"loc":{"start":{"line":197,"column":22},"end":{"line":201,"column":33}},"type":"cond-expr","locations":[{"start":{"line":198,"column":26},"end":{"line":200,"column":27}},{"start":{"line":201,"column":26},"end":{"line":201,"column":33}}],"line":197},"4":{"loc":{"start":{"line":220,"column":11},"end":{"line":228,"column":11}},"type":"binary-expr","locations":[{"start":{"line":220,"column":11},"end":{"line":220,"column":25}},{"start":{"line":221,"column":12},"end":{"line":227,"column":14}}],"line":220},"5":{"loc":{"start":{"line":222,"column":19},"end":{"line":222,"column":68}},"type":"binary-expr","locations":[{"start":{"line":222,"column":19},"end":{"line":222,"column":40}},{"start":{"line":222,"column":44},"end":{"line":222,"column":68}}],"line":222},"6":{"loc":{"start":{"line":223,"column":23},"end":{"line":223,"column":73}},"type":"cond-expr","locations":[{"start":{"line":223,"column":51},"end":{"line":223,"column":61}},{"start":{"line":223,"column":64},"end":{"line":223,"column":73}}],"line":223}},"s":{"0":0,"1":0,"2":0,"3":0,"4":0,"5":0,"6":0,"7":0,"8":0,"9":0,"10":0,"11":0,"12":0,"13":0,"14":0,"15":0,"16":0,"17":0,"18":0,"19":0,"20":0,"21":0,"22":0,"23":0,"24":0,"25":0,"26":0,"27":0,"28":0,"29":0,"30":0,"31":0,"32":0,"33":0,"34":0,"35":0,"36":0,"37":0,"38":0,"39":0,"40":0,"41":0,"42":0,"43":0,"44":0,"45":0,"46":0,"47":0,"48":0,"49":0,"50":0,"51":0,"52":0,"53":0,"54":0,"55":0},"f":{"0":0,"1":0,"2":0,"3":0,"4":0,"5":0,"6":0,"7":0,"8":0,"9":0,"10":0,"11":0,"12":0,"13":0,"14":0,"15":0,"16":0,"17":0,"18":0,"19":0,"20":0,"21":0,"22":0,"23":0,"24":0},"b":{"0":[0,0],"1":[0,0],"2":[0,0],"3":[0,0],"4":[0,0],"5":[0,0],"6":[0,0]}}
,"/home/akynatan/Documentos/Rocketseat/GoStack/Nivel_3/conceicaosaude/src/pages/Dashboard/index.tsx": {"path":"/home/akynatan/Documentos/Rocketseat/GoStack/Nivel_3/conceicaosaude/src/pages/Dashboard/index.tsx","statementMap":{"0":{"start":{"line":33,"column":28},"end":{"line":115,"column":1}},"1":{"start":{"line":34,"column":36},"end":{"line":34,"column":60}},"2":{"start":{"line":35,"column":21},"end":{"line":35,"column":36}},"3":{"start":{"line":36,"column":23},"end":{"line":36,"column":33}},"4":{"start":{"line":38,"column":19},"end":{"line":38,"column":28}},"5":{"start":{"line":39,"column":31},"end":{"line":39,"column":35}},"6":{"start":{"line":41,"column":28},"end":{"line":43,"column":16}},"7":{"start":{"line":42,"column":4},"end":{"line":42,"column":24}},"8":{"start":{"line":45,"column":38},"end":{"line":50,"column":3}},"9":{"start":{"line":47,"column":6},"end":{"line":47,"column":65}},"10":{"start":{"line":52,"column":2},"end":{"line":56,"column":9}},"11":{"start":{"line":53,"column":4},"end":{"line":55,"column":7}},"12":{"start":{"line":54,"column":6},"end":{"line":54,"column":34}},"13":{"start":{"line":58,"column":2},"end":{"line":114,"column":4}},"14":{"start":{"line":74,"column":34},"end":{"line":74,"column":45}},"15":{"start":{"line":79,"column":10},"end":{"line":108,"column":12}},"16":{"start":{"line":82,"column":16},"end":{"line":82,"column":57}}},"fnMap":{"0":{"name":"(anonymous_0)","decl":{"start":{"line":33,"column":28},"end":{"line":33,"column":29}},"loc":{"start":{"line":33,"column":34},"end":{"line":115,"column":1}},"line":33},"1":{"name":"(anonymous_1)","decl":{"start":{"line":41,"column":40},"end":{"line":41,"column":41}},"loc":{"start":{"line":41,"column":46},"end":{"line":43,"column":3}},"line":41},"2":{"name":"(anonymous_2)","decl":{"start":{"line":46,"column":4},"end":{"line":46,"column":5}},"loc":{"start":{"line":46,"column":29},"end":{"line":48,"column":5}},"line":46},"3":{"name":"(anonymous_3)","decl":{"start":{"line":52,"column":12},"end":{"line":52,"column":13}},"loc":{"start":{"line":52,"column":18},"end":{"line":56,"column":3}},"line":52},"4":{"name":"(anonymous_4)","decl":{"start":{"line":53,"column":30},"end":{"line":53,"column":31}},"loc":{"start":{"line":53,"column":42},"end":{"line":55,"column":5}},"line":53},"5":{"name":"(anonymous_5)","decl":{"start":{"line":74,"column":22},"end":{"line":74,"column":23}},"loc":{"start":{"line":74,"column":34},"end":{"line":74,"column":45}},"line":74},"6":{"name":"(anonymous_6)","decl":{"start":{"line":78,"column":20},"end":{"line":78,"column":21}},"loc":{"start":{"line":78,"column":44},"end":{"line":109,"column":9}},"line":78},"7":{"name":"(anonymous_7)","decl":{"start":{"line":81,"column":23},"end":{"line":81,"column":24}},"loc":{"start":{"line":81,"column":29},"end":{"line":83,"column":15}},"line":81}},"branchMap":{"0":{"loc":{"start":{"line":87,"column":18},"end":{"line":91,"column":29}},"type":"cond-expr","locations":[{"start":{"line":88,"column":22},"end":{"line":90,"column":23}},{"start":{"line":91,"column":22},"end":{"line":91,"column":29}}],"line":87}},"s":{"0":0,"1":0,"2":0,"3":0,"4":0,"5":0,"6":0,"7":0,"8":0,"9":0,"10":0,"11":0,"12":0,"13":0,"14":0,"15":0,"16":0},"f":{"0":0,"1":0,"2":0,"3":0,"4":0,"5":0,"6":0,"7":0},"b":{"0":[0,0]}}
,"/home/akynatan/Documentos/Rocketseat/GoStack/Nivel_3/conceicaosaude/src/pages/Profile/index.tsx": {"path":"/home/akynatan/Documentos/Rocketseat/GoStack/Nivel_3/conceicaosaude/src/pages/Profile/index.tsx","statementMap":{"0":{"start":{"line":43,"column":25},"end":{"line":240,"column":1}},"1":{"start":{"line":44,"column":31},"end":{"line":44,"column":40}},"2":{"start":{"line":46,"column":21},"end":{"line":46,"column":36}},"3":{"start":{"line":47,"column":18},"end":{"line":47,"column":43}},"4":{"start":{"line":48,"column":24},"end":{"line":48,"column":47}},"5":{"start":{"line":49,"column":30},"end":{"line":49,"column":53}},"6":{"start":{"line":50,"column":27},"end":{"line":50,"column":50}},"7":{"start":{"line":51,"column":34},"end":{"line":51,"column":57}},"8":{"start":{"line":53,"column":23},"end":{"line":55,"column":18}},"9":{"start":{"line":54,"column":4},"end":{"line":54,"column":24}},"10":{"start":{"line":57,"column":29},"end":{"line":82,"column":27}},"11":{"start":{"line":58,"column":4},"end":{"line":81,"column":7}},"12":{"start":{"line":59,"column":6},"end":{"line":59,"column":37}},"13":{"start":{"line":59,"column":30},"end":{"line":59,"column":37}},"14":{"start":{"line":61,"column":6},"end":{"line":64,"column":7}},"15":{"start":{"line":62,"column":8},"end":{"line":62,"column":53}},"16":{"start":{"line":63,"column":8},"end":{"line":63,"column":15}},"17":{"start":{"line":66,"column":19},"end":{"line":66,"column":33}},"18":{"start":{"line":68,"column":6},"end":{"line":72,"column":9}},"19":{"start":{"line":74,"column":26},"end":{"line":74,"column":63}},"20":{"start":{"line":76,"column":6},"end":{"line":80,"column":7}},"21":{"start":{"line":77,"column":8},"end":{"line":77,"column":37}},"22":{"start":{"line":79,"column":8},"end":{"line":79,"column":54}},"23":{"start":{"line":84,"column":23},"end":{"line":155,"column":3}},"24":{"start":{"line":86,"column":6},"end":{"line":86,"column":37}},"25":{"start":{"line":88,"column":6},"end":{"line":152,"column":7}},"26":{"start":{"line":89,"column":23},"end":{"line":109,"column":10}},"27":{"start":{"line":98,"column":30},"end":{"line":98,"column":42}},"28":{"start":{"line":104,"column":32},"end":{"line":104,"column":44}},"29":{"start":{"line":111,"column":8},"end":{"line":113,"column":11}},"30":{"start":{"line":121,"column":12},"end":{"line":121,"column":16}},"31":{"start":{"line":123,"column":25},"end":{"line":129,"column":9}},"32":{"start":{"line":131,"column":25},"end":{"line":131,"column":60}},"33":{"start":{"line":133,"column":8},"end":{"line":137,"column":9}},"34":{"start":{"line":134,"column":10},"end":{"line":134,"column":36}},"35":{"start":{"line":136,"column":10},"end":{"line":136,"column":56}},"36":{"start":{"line":139,"column":8},"end":{"line":139,"column":28}},"37":{"start":{"line":141,"column":8},"end":{"line":141,"column":25}},"38":{"start":{"line":142,"column":8},"end":{"line":146,"column":9}},"39":{"start":{"line":143,"column":25},"end":{"line":143,"column":49}},"40":{"start":{"line":144,"column":10},"end":{"line":144,"column":45}},"41":{"start":{"line":145,"column":10},"end":{"line":145,"column":17}},"42":{"start":{"line":148,"column":8},"end":{"line":151,"column":10}},"43":{"start":{"line":157,"column":2},"end":{"line":239,"column":4}},"44":{"start":{"line":184,"column":39},"end":{"line":184,"column":69}},"45":{"start":{"line":195,"column":39},"end":{"line":195,"column":75}},"46":{"start":{"line":205,"column":39},"end":{"line":205,"column":72}},"47":{"start":{"line":215,"column":39},"end":{"line":215,"column":79}},"48":{"start":{"line":225,"column":39},"end":{"line":225,"column":68}},"49":{"start":{"line":230,"column":31},"end":{"line":230,"column":60}}},"fnMap":{"0":{"name":"(anonymous_0)","decl":{"start":{"line":43,"column":25},"end":{"line":43,"column":26}},"loc":{"start":{"line":43,"column":31},"end":{"line":240,"column":1}},"line":43},"1":{"name":"(anonymous_1)","decl":{"start":{"line":53,"column":35},"end":{"line":53,"column":36}},"loc":{"start":{"line":53,"column":41},"end":{"line":55,"column":3}},"line":53},"2":{"name":"(anonymous_2)","decl":{"start":{"line":57,"column":41},"end":{"line":57,"column":42}},"loc":{"start":{"line":57,"column":47},"end":{"line":82,"column":3}},"line":57},"3":{"name":"(anonymous_3)","decl":{"start":{"line":58,"column":47},"end":{"line":58,"column":48}},"loc":{"start":{"line":58,"column":65},"end":{"line":81,"column":5}},"line":58},"4":{"name":"(anonymous_4)","decl":{"start":{"line":85,"column":4},"end":{"line":85,"column":5}},"loc":{"start":{"line":85,"column":43},"end":{"line":153,"column":5}},"line":85},"5":{"name":"(anonymous_5)","decl":{"start":{"line":98,"column":16},"end":{"line":98,"column":17}},"loc":{"start":{"line":98,"column":30},"end":{"line":98,"column":42}},"line":98},"6":{"name":"(anonymous_6)","decl":{"start":{"line":104,"column":18},"end":{"line":104,"column":19}},"loc":{"start":{"line":104,"column":32},"end":{"line":104,"column":44}},"line":104},"7":{"name":"(anonymous_7)","decl":{"start":{"line":184,"column":33},"end":{"line":184,"column":34}},"loc":{"start":{"line":184,"column":39},"end":{"line":184,"column":69}},"line":184},"8":{"name":"(anonymous_8)","decl":{"start":{"line":195,"column":33},"end":{"line":195,"column":34}},"loc":{"start":{"line":195,"column":39},"end":{"line":195,"column":75}},"line":195},"9":{"name":"(anonymous_9)","decl":{"start":{"line":205,"column":33},"end":{"line":205,"column":34}},"loc":{"start":{"line":205,"column":39},"end":{"line":205,"column":72}},"line":205},"10":{"name":"(anonymous_10)","decl":{"start":{"line":215,"column":33},"end":{"line":215,"column":34}},"loc":{"start":{"line":215,"column":39},"end":{"line":215,"column":79}},"line":215},"11":{"name":"(anonymous_11)","decl":{"start":{"line":225,"column":33},"end":{"line":225,"column":34}},"loc":{"start":{"line":225,"column":39},"end":{"line":225,"column":68}},"line":225},"12":{"name":"(anonymous_12)","decl":{"start":{"line":230,"column":25},"end":{"line":230,"column":26}},"loc":{"start":{"line":230,"column":31},"end":{"line":230,"column":60}},"line":230}},"branchMap":{"0":{"loc":{"start":{"line":59,"column":6},"end":{"line":59,"column":37}},"type":"if","locations":[{"start":{"line":59,"column":6},"end":{"line":59,"column":37}},{"start":{"line":59,"column":6},"end":{"line":59,"column":37}}],"line":59},"1":{"loc":{"start":{"line":61,"column":6},"end":{"line":64,"column":7}},"type":"if","locations":[{"start":{"line":61,"column":6},"end":{"line":64,"column":7}},{"start":{"line":61,"column":6},"end":{"line":64,"column":7}}],"line":61},"2":{"loc":{"start":{"line":76,"column":6},"end":{"line":80,"column":7}},"type":"if","locations":[{"start":{"line":76,"column":6},"end":{"line":80,"column":7}},{"start":{"line":76,"column":6},"end":{"line":80,"column":7}}],"line":76},"3":{"loc":{"start":{"line":126,"column":14},"end":{"line":128,"column":16}},"type":"cond-expr","locations":[{"start":{"line":127,"column":14},"end":{"line":127,"column":63}},{"start":{"line":128,"column":14},"end":{"line":128,"column":16}}],"line":126},"4":{"loc":{"start":{"line":133,"column":8},"end":{"line":137,"column":9}},"type":"if","locations":[{"start":{"line":133,"column":8},"end":{"line":137,"column":9}},{"start":{"line":133,"column":8},"end":{"line":137,"column":9}}],"line":133},"5":{"loc":{"start":{"line":142,"column":8},"end":{"line":146,"column":9}},"type":"if","locations":[{"start":{"line":142,"column":8},"end":{"line":146,"column":9}},{"start":{"line":142,"column":8},"end":{"line":146,"column":9}}],"line":142},"6":{"loc":{"start":{"line":161,"column":18},"end":{"line":161,"column":63}},"type":"cond-expr","locations":[{"start":{"line":161,"column":42},"end":{"line":161,"column":51}},{"start":{"line":161,"column":54},"end":{"line":161,"column":63}}],"line":161}},"s":{"0":0,"1":0,"2":0,"3":0,"4":0,"5":0,"6":0,"7":0,"8":0,"9":0,"10":0,"11":0,"12":0,"13":0,"14":0,"15":0,"16":0,"17":0,"18":0,"19":0,"20":0,"21":0,"22":0,"23":0,"24":0,"25":0,"26":0,"27":0,"28":0,"29":0,"30":0,"31":0,"32":0,"33":0,"34":0,"35":0,"36":0,"37":0,"38":0,"39":0,"40":0,"41":0,"42":0,"43":0,"44":0,"45":0,"46":0,"47":0,"48":0,"49":0},"f":{"0":0,"1":0,"2":0,"3":0,"4":0,"5":0,"6":0,"7":0,"8":0,"9":0,"10":0,"11":0,"12":0},"b":{"0":[0,0],"1":[0,0],"2":[0,0],"3":[0,0],"4":[0,0],"5":[0,0],"6":[0,0]}}
,"/home/akynatan/Documentos/Rocketseat/GoStack/Nivel_3/conceicaosaude/src/pages/SignIn/index.tsx": {"path":"/home/akynatan/Documentos/Rocketseat/GoStack/Nivel_3/conceicaosaude/src/pages/SignIn/index.tsx","statementMap":{"0":{"start":{"line":40,"column":25},"end":{"line":138,"column":1}},"1":{"start":{"line":41,"column":18},"end":{"line":41,"column":43}},"2":{"start":{"line":42,"column":27},"end":{"line":42,"column":50}},"3":{"start":{"line":43,"column":21},"end":{"line":43,"column":36}},"4":{"start":{"line":44,"column":21},"end":{"line":44,"column":30}},"5":{"start":{"line":46,"column":23},"end":{"line":78,"column":3}},"6":{"start":{"line":48,"column":6},"end":{"line":48,"column":37}},"7":{"start":{"line":49,"column":6},"end":{"line":75,"column":7}},"8":{"start":{"line":50,"column":23},"end":{"line":55,"column":10}},"9":{"start":{"line":57,"column":8},"end":{"line":59,"column":11}},"10":{"start":{"line":60,"column":8},"end":{"line":63,"column":11}},"11":{"start":{"line":65,"column":8},"end":{"line":69,"column":9}},"12":{"start":{"line":66,"column":25},"end":{"line":66,"column":49}},"13":{"start":{"line":67,"column":10},"end":{"line":67,"column":45}},"14":{"start":{"line":68,"column":10},"end":{"line":68,"column":17}},"15":{"start":{"line":71,"column":8},"end":{"line":74,"column":10}},"16":{"start":{"line":80,"column":2},"end":{"line":137,"column":4}},"17":{"start":{"line":105,"column":39},"end":{"line":105,"column":72}},"18":{"start":{"line":114,"column":39},"end":{"line":114,"column":68}},"19":{"start":{"line":116,"column":37},"end":{"line":116,"column":66}},"20":{"start":{"line":123,"column":16},"end":{"line":123,"column":34}},"21":{"start":{"line":131,"column":42},"end":{"line":131,"column":71}}},"fnMap":{"0":{"name":"(anonymous_0)","decl":{"start":{"line":40,"column":25},"end":{"line":40,"column":26}},"loc":{"start":{"line":40,"column":31},"end":{"line":138,"column":1}},"line":40},"1":{"name":"(anonymous_1)","decl":{"start":{"line":47,"column":4},"end":{"line":47,"column":5}},"loc":{"start":{"line":47,"column":36},"end":{"line":76,"column":5}},"line":47},"2":{"name":"(anonymous_2)","decl":{"start":{"line":105,"column":33},"end":{"line":105,"column":34}},"loc":{"start":{"line":105,"column":39},"end":{"line":105,"column":72}},"line":105},"3":{"name":"(anonymous_3)","decl":{"start":{"line":114,"column":33},"end":{"line":114,"column":34}},"loc":{"start":{"line":114,"column":39},"end":{"line":114,"column":68}},"line":114},"4":{"name":"(anonymous_4)","decl":{"start":{"line":116,"column":31},"end":{"line":116,"column":32}},"loc":{"start":{"line":116,"column":37},"end":{"line":116,"column":66}},"line":116},"5":{"name":"(anonymous_5)","decl":{"start":{"line":122,"column":23},"end":{"line":122,"column":24}},"loc":{"start":{"line":122,"column":29},"end":{"line":124,"column":15}},"line":122},"6":{"name":"(anonymous_6)","decl":{"start":{"line":131,"column":36},"end":{"line":131,"column":37}},"loc":{"start":{"line":131,"column":42},"end":{"line":131,"column":71}},"line":131}},"branchMap":{"0":{"loc":{"start":{"line":65,"column":8},"end":{"line":69,"column":9}},"type":"if","locations":[{"start":{"line":65,"column":8},"end":{"line":69,"column":9}},{"start":{"line":65,"column":8},"end":{"line":69,"column":9}}],"line":65},"1":{"loc":{"start":{"line":84,"column":18},"end":{"line":84,"column":63}},"type":"cond-expr","locations":[{"start":{"line":84,"column":42},"end":{"line":84,"column":51}},{"start":{"line":84,"column":54},"end":{"line":84,"column":63}}],"line":84}},"s":{"0":1,"1":1,"2":1,"3":1,"4":1,"5":1,"6":0,"7":0,"8":0,"9":0,"10":0,"11":0,"12":0,"13":0,"14":0,"15":0,"16":1,"17":0,"18":0,"19":0,"20":0,"21":0},"f":{"0":1,"1":0,"2":0,"3":0,"4":0,"5":0,"6":0},"b":{"0":[0,0],"1":[1,0]},"_coverageSchema":"1a1c01bbd47fc00a2c39e90264f33305004495a9","hash":"25359d34065ebd416714e7c53bc93b9c6adc4e48"}
,"/home/akynatan/Documentos/Rocketseat/GoStack/Nivel_3/conceicaosaude/src/pages/SignUp/index.tsx": {"path":"/home/akynatan/Documentos/Rocketseat/GoStack/Nivel_3/conceicaosaude/src/pages/SignUp/index.tsx","statementMap":{"0":{"start":{"line":33,"column":25},"end":{"line":139,"column":1}},"1":{"start":{"line":34,"column":21},"end":{"line":34,"column":36}},"2":{"start":{"line":35,"column":18},"end":{"line":35,"column":43}},"3":{"start":{"line":36,"column":27},"end":{"line":36,"column":50}},"4":{"start":{"line":37,"column":24},"end":{"line":37,"column":47}},"5":{"start":{"line":39,"column":23},"end":{"line":77,"column":3}},"6":{"start":{"line":41,"column":6},"end":{"line":41,"column":37}},"7":{"start":{"line":42,"column":6},"end":{"line":74,"column":7}},"8":{"start":{"line":43,"column":23},"end":{"line":49,"column":10}},"9":{"start":{"line":51,"column":8},"end":{"line":53,"column":11}},"10":{"start":{"line":55,"column":8},"end":{"line":58,"column":10}},"11":{"start":{"line":60,"column":8},"end":{"line":60,"column":39}},"12":{"start":{"line":61,"column":8},"end":{"line":61,"column":28}},"13":{"start":{"line":63,"column":8},"end":{"line":63,"column":25}},"14":{"start":{"line":64,"column":8},"end":{"line":68,"column":9}},"15":{"start":{"line":65,"column":25},"end":{"line":65,"column":49}},"16":{"start":{"line":66,"column":10},"end":{"line":66,"column":45}},"17":{"start":{"line":67,"column":10},"end":{"line":67,"column":17}},"18":{"start":{"line":70,"column":8},"end":{"line":73,"column":10}},"19":{"start":{"line":79,"column":2},"end":{"line":138,"column":4}},"20":{"start":{"line":102,"column":39},"end":{"line":102,"column":69}},"21":{"start":{"line":113,"column":39},"end":{"line":113,"column":72}},"22":{"start":{"line":122,"column":39},"end":{"line":122,"column":68}},"23":{"start":{"line":125,"column":37},"end":{"line":125,"column":66}},"24":{"start":{"line":132,"column":35},"end":{"line":132,"column":54}}},"fnMap":{"0":{"name":"(anonymous_0)","decl":{"start":{"line":33,"column":25},"end":{"line":33,"column":26}},"loc":{"start":{"line":33,"column":31},"end":{"line":139,"column":1}},"line":33},"1":{"name":"(anonymous_1)","decl":{"start":{"line":40,"column":4},"end":{"line":40,"column":5}},"loc":{"start":{"line":40,"column":36},"end":{"line":75,"column":5}},"line":40},"2":{"name":"(anonymous_2)","decl":{"start":{"line":102,"column":33},"end":{"line":102,"column":34}},"loc":{"start":{"line":102,"column":39},"end":{"line":102,"column":69}},"line":102},"3":{"name":"(anonymous_3)","decl":{"start":{"line":113,"column":33},"end":{"line":113,"column":34}},"loc":{"start":{"line":113,"column":39},"end":{"line":113,"column":72}},"line":113},"4":{"name":"(anonymous_4)","decl":{"start":{"line":122,"column":33},"end":{"line":122,"column":34}},"loc":{"start":{"line":122,"column":39},"end":{"line":122,"column":68}},"line":122},"5":{"name":"(anonymous_5)","decl":{"start":{"line":125,"column":31},"end":{"line":125,"column":32}},"loc":{"start":{"line":125,"column":37},"end":{"line":125,"column":66}},"line":125},"6":{"name":"(anonymous_6)","decl":{"start":{"line":132,"column":29},"end":{"line":132,"column":30}},"loc":{"start":{"line":132,"column":35},"end":{"line":132,"column":54}},"line":132}},"branchMap":{"0":{"loc":{"start":{"line":64,"column":8},"end":{"line":68,"column":9}},"type":"if","locations":[{"start":{"line":64,"column":8},"end":{"line":68,"column":9}},{"start":{"line":64,"column":8},"end":{"line":68,"column":9}}],"line":64},"1":{"loc":{"start":{"line":83,"column":18},"end":{"line":83,"column":63}},"type":"cond-expr","locations":[{"start":{"line":83,"column":42},"end":{"line":83,"column":51}},{"start":{"line":83,"column":54},"end":{"line":83,"column":63}}],"line":83}},"s":{"0":0,"1":0,"2":0,"3":0,"4":0,"5":0,"6":0,"7":0,"8":0,"9":0,"10":0,"11":0,"12":0,"13":0,"14":0,"15":0,"16":0,"17":0,"18":0,"19":0,"20":0,"21":0,"22":0,"23":0,"24":0},"f":{"0":0,"1":0,"2":0,"3":0,"4":0,"5":0,"6":0},"b":{"0":[0,0],"1":[0,0]}}
}
